<?xml version="1.0" encoding="UTF-8"?>
<!-- Generated by org.testng.reporters.JUnitReportReporter -->
<testsuite hostname="DESKTOP-SHCQ8NV" failures="0" tests="1" name="com.ny.myrunner.MyRunnerClass" time="12.551" errors="0" timestamp="16 Oct 2021 05:11:27 GMT" skipped="0">
  <testcase classname="com.ny.myrunner.MyRunnerClass" name="runScenario" time="12.551"/>
</testsuite> <!-- com.ny.myrunner.MyRunnerClass -->
